<?xml version="1.0" encoding="UTF-8"?>
<!-- Generated by org.testng.reporters.JUnitXMLReporter -->
<testsuite hostname="QQSPLOXLTP0081" ignored="0" name="Default test" tests="8" failures="0" timestamp="2022-08-24T14:10:09 IST" time="5.858" errors="0">
  <testcase name="RegisterRequest" time="1.377" classname="beTheHeroAPItesting.BetheHero"/>
  <testcase name="ApplicationDetails" time="0.492" classname="beTheHeroAPItesting.BetheHero"/>
  <testcase name="updateDetails" time="0.313" classname="beTheHeroAPItesting.BetheHero"/>
  <testcase name="registerNewRequest1" time="0.299" classname="beTheHeroAPItesting.BetheHero"/>
  <testcase name="registerNewRequest2" time="0.331" classname="beTheHeroAPItesting.BetheHero"/>
  <testcase name="profileDetails" time="0.272" classname="beTheHeroAPItesting.BetheHero"/>
  <testcase name="deleteUseCase" time="0.255" classname="beTheHeroAPItesting.BetheHero"/>
  <testcase name="updatedProfileDetails" time="0.331" classname="beTheHeroAPItesting.BetheHero"/>
</testsuite> <!-- Default test -->
