<?xml version="1.0" encoding="UTF-8"?>
<!-- Generated by org.testng.reporters.JUnitXMLReporter -->
<testsuite ignored="0" hostname="qapiapi04" failures="0" tests="5" name="Default test" time="11.862" errors="0" timestamp="2022-08-07T08:09:15 IST">
  <testcase classname="userController.UserControllerCRUDRequests" name="postNewUser" time="5.381"/>
  <testcase classname="userController.UserControllerCRUDRequests" name="updateNewUser" time="0.128"/>
  <testcase classname="userController.UserControllerCRUDRequests" name="getUpdatedNewUser" time="0.073"/>
  <testcase classname="userController.UserControllerCRUDRequests" name="deleteUpdatedNewUser" time="0.065"/>
  <testcase classname="userController.UserControllerCRUDRequests" name="getAllUsers" time="0.11"/>
</testsuite> <!-- Default test -->
