<?xml version="1.0" encoding="UTF-8"?>
<testng-results ignored="0" total="5" passed="5" failed="0" skipped="0">
  <reporter-output>
  </reporter-output>
  <suite started-at="2022-08-07T08:09:03 IST" name="Default suite" finished-at="2022-08-07T08:09:15 IST" duration-ms="11862">
    <groups>
    </groups>
    <test started-at="2022-08-07T08:09:03 IST" name="Default test" finished-at="2022-08-07T08:09:15 IST" duration-ms="11862">
      <class name="userController.UserControllerCRUDRequests">
        <test-method is-config="true" signature="utilities()[pri:0, instance:userController.UserControllerCRUDRequests@729d991e]" started-at="2022-08-07T08:09:03 IST" name="utilities" finished-at="2022-08-07T08:09:05 IST" duration-ms="2077" status="PASS">
          <reporter-output>
          </reporter-output>
        </test-method> <!-- utilities -->
        <test-method signature="postNewUser(java.lang.String,java.lang.String,java.lang.String,java.lang.String)[pri:1, instance:userController.UserControllerCRUDRequests@729d991e]" started-at="2022-08-07T08:09:08 IST" name="postNewUser" data-provider="PostData" finished-at="2022-08-07T08:09:14 IST" duration-ms="5381" status="PASS">
          <params>
            <param index="0">
              <value>
                <![CDATA[ghilnilavikram1@gmail.com]]>
              </value>
            </param>
            <param index="1">
              <value>
                <![CDATA[vikram]]>
              </value>
            </param>
            <param index="2">
              <value>
                <![CDATA[balasubramanian]]>
              </value>
            </param>
            <param index="3">
              <value>
                <![CDATA[abc12]]>
              </value>
            </param>
          </params>
          <reporter-output>
          </reporter-output>
        </test-method> <!-- postNewUser -->
        <test-method signature="updateNewUser(java.lang.String,java.lang.String,java.lang.String,java.lang.String)[pri:2, instance:userController.UserControllerCRUDRequests@729d991e]" started-at="2022-08-07T08:09:15 IST" name="updateNewUser" data-provider="UpdateData" finished-at="2022-08-07T08:09:15 IST" duration-ms="128" status="PASS">
          <params>
            <param index="0">
              <value>
                <![CDATA[ghilnilavikram1@gmail.com]]>
              </value>
            </param>
            <param index="1">
              <value>
                <![CDATA[Vikram]]>
              </value>
            </param>
            <param index="2">
              <value>
                <![CDATA[Balasubramanian]]>
              </value>
            </param>
            <param index="3">
              <value>
                <![CDATA[abc12]]>
              </value>
            </param>
          </params>
          <reporter-output>
          </reporter-output>
        </test-method> <!-- updateNewUser -->
        <test-method signature="getUpdatedNewUser()[pri:3, instance:userController.UserControllerCRUDRequests@729d991e]" started-at="2022-08-07T08:09:15 IST" name="getUpdatedNewUser" finished-at="2022-08-07T08:09:15 IST" duration-ms="73" status="PASS">
          <reporter-output>
          </reporter-output>
        </test-method> <!-- getUpdatedNewUser -->
        <test-method signature="deleteUpdatedNewUser()[pri:4, instance:userController.UserControllerCRUDRequests@729d991e]" started-at="2022-08-07T08:09:15 IST" name="deleteUpdatedNewUser" finished-at="2022-08-07T08:09:15 IST" duration-ms="65" status="PASS">
          <reporter-output>
          </reporter-output>
        </test-method> <!-- deleteUpdatedNewUser -->
        <test-method signature="getAllUsers()[pri:5, instance:userController.UserControllerCRUDRequests@729d991e]" started-at="2022-08-07T08:09:15 IST" name="getAllUsers" finished-at="2022-08-07T08:09:15 IST" duration-ms="110" status="PASS">
          <reporter-output>
          </reporter-output>
        </test-method> <!-- getAllUsers -->
      </class> <!-- userController.UserControllerCRUDRequests -->
    </test> <!-- Default test -->
  </suite> <!-- Default suite -->
</testng-results>
